<?xml version="1.0" encoding="UTF-8"?>
<testsuite xmlns:xsi="http://www.w3.org/2001/XMLSchema-instance" xsi:noNamespaceSchemaLocation="https://maven.apache.org/surefire/maven-surefire-plugin/xsd/surefire-test-report.xsd" name="local.locadora.entities.ClienteEntityTest" time="0.716" tests="7" errors="0" skipped="0" failures="0">
  <properties>
[...]
</properties>
  <testcase name="naoDeveValidarUmNomeComCaracteresEspeciais" classname="local.locadora.entities.ClienteEntityTest" time="0.534"/>
  <testcase name="cpfNaoPodeSerValido" classname="local.locadora.entities.ClienteEntityTest" time="0.056"/>
  <testcase name="naoDeveValidarUmNomeComDoisCaracteres" classname="local.locadora.entities.ClienteEntityTest" time="0.03"/>
  <testcase name="naoDeveTerEspacoEmBrancoEmUmNome" classname="local.locadora.entities.ClienteEntityTest" time="0.008"/>
  <testcase name="nomeNaoDeveTerIniciaisMaiusculas" classname="local.locadora.entities.ClienteEntityTest" time="0.008"/>
  <testcase name="cpfTemQueSerValido" classname="local.locadora.entities.ClienteEntityTest" time="0.006"/>
  <testcase name="nomeDeveTerMaisQue4MenosQue65caracteres" classname="local.locadora.entities.ClienteEntityTest" time="0.025"/>
</testsuite>